<?xml version="1.0" encoding="UTF-8"?>
<testng-results skipped="0" failed="0" total="8" passed="8">
  <reporter-output>
  </reporter-output>
  <suite name="Suite1" duration-ms="330832" started-at="2020-10-15T17:58:04Z" finished-at="2020-10-15T18:03:35Z">
    <groups>
    </groups>
    <test name="Command line test 02a194f7-5be8-421a-8150-9fbe882e5d8c" duration-ms="330832" started-at="2020-10-15T17:58:04Z" finished-at="2020-10-15T18:03:35Z">
      <class name="org.testing.TestScripts.TC8">
        <test-method status="PASS" signature="befrTest()[pri:0, instance:org.testing.TestScripts.TC8@6be46e8f]" name="befrTest" is-config="true" duration-ms="10200" started-at="2020-10-15T23:31:58Z" finished-at="2020-10-15T23:32:08Z">
          <reporter-output>
          </reporter-output>
        </test-method> <!-- befrTest -->
        <test-method status="PASS" signature="LoginPlayVideoSubscribe()[pri:0, instance:org.testing.TestScripts.TC8@6be46e8f]" name="LoginPlayVideoSubscribe" duration-ms="42394" started-at="2020-10-15T23:32:08Z" finished-at="2020-10-15T23:32:50Z">
          <reporter-output>
          </reporter-output>
        </test-method> <!-- LoginPlayVideoSubscribe -->
        <test-method status="PASS" signature="aftrTest()[pri:0, instance:org.testing.TestScripts.TC8@6be46e8f]" name="aftrTest" is-config="true" duration-ms="93" started-at="2020-10-15T23:32:50Z" finished-at="2020-10-15T23:32:51Z">
          <reporter-output>
          </reporter-output>
        </test-method> <!-- aftrTest -->
      </class> <!-- org.testing.TestScripts.TC8 -->
      <class name="org.testing.TestScripts.TC7">
        <test-method status="PASS" signature="befrTest()[pri:0, instance:org.testing.TestScripts.TC7@68837a77]" name="befrTest" is-config="true" duration-ms="9111" started-at="2020-10-15T23:31:15Z" finished-at="2020-10-15T23:31:24Z">
          <reporter-output>
          </reporter-output>
        </test-method> <!-- befrTest -->
        <test-method status="PASS" signature="LoginPlayVideoLike()[pri:0, instance:org.testing.TestScripts.TC7@68837a77]" name="LoginPlayVideoLike" duration-ms="33642" started-at="2020-10-15T23:31:24Z" finished-at="2020-10-15T23:31:58Z">
          <reporter-output>
          </reporter-output>
        </test-method> <!-- LoginPlayVideoLike -->
        <test-method status="PASS" signature="aftrTest()[pri:0, instance:org.testing.TestScripts.TC7@68837a77]" name="aftrTest" is-config="true" duration-ms="66" started-at="2020-10-15T23:31:58Z" finished-at="2020-10-15T23:31:58Z">
          <reporter-output>
          </reporter-output>
        </test-method> <!-- aftrTest -->
      </class> <!-- org.testing.TestScripts.TC7 -->
      <class name="org.testing.TestScripts.TC4">
        <test-method status="PASS" signature="befrTest()[pri:0, instance:org.testing.TestScripts.TC4@77b52d12]" name="befrTest" is-config="true" duration-ms="9480" started-at="2020-10-15T23:30:00Z" finished-at="2020-10-15T23:30:10Z">
          <reporter-output>
          </reporter-output>
        </test-method> <!-- befrTest -->
        <test-method status="PASS" signature="LoginLibrary()[pri:0, instance:org.testing.TestScripts.TC4@77b52d12]" name="LoginLibrary" duration-ms="27526" started-at="2020-10-15T23:30:10Z" finished-at="2020-10-15T23:30:37Z">
          <reporter-output>
          </reporter-output>
        </test-method> <!-- LoginLibrary -->
        <test-method status="PASS" signature="aftrTest()[pri:0, instance:org.testing.TestScripts.TC4@77b52d12]" name="aftrTest" is-config="true" duration-ms="122" started-at="2020-10-15T23:30:37Z" finished-at="2020-10-15T23:30:37Z">
          <reporter-output>
          </reporter-output>
        </test-method> <!-- aftrTest -->
      </class> <!-- org.testing.TestScripts.TC4 -->
      <class name="org.testing.TestScripts.TC3">
        <test-method status="PASS" signature="befrTest()[pri:0, instance:org.testing.TestScripts.TC3@614c5515]" name="befrTest" is-config="true" duration-ms="9154" started-at="2020-10-15T23:29:24Z" finished-at="2020-10-15T23:29:33Z">
          <reporter-output>
          </reporter-output>
        </test-method> <!-- befrTest -->
        <test-method status="PASS" signature="LoginSubscribe()[pri:0, instance:org.testing.TestScripts.TC3@614c5515]" name="LoginSubscribe" duration-ms="27281" started-at="2020-10-15T23:29:33Z" finished-at="2020-10-15T23:30:00Z">
          <reporter-output>
          </reporter-output>
        </test-method> <!-- LoginSubscribe -->
        <test-method status="PASS" signature="aftrTest()[pri:0, instance:org.testing.TestScripts.TC3@614c5515]" name="aftrTest" is-config="true" duration-ms="59" started-at="2020-10-15T23:30:00Z" finished-at="2020-10-15T23:30:00Z">
          <reporter-output>
          </reporter-output>
        </test-method> <!-- aftrTest -->
      </class> <!-- org.testing.TestScripts.TC3 -->
      <class name="org.testing.TestScripts.TC5">
        <test-method status="PASS" signature="befrTest()[pri:0, instance:org.testing.TestScripts.TC5@2d554825]" name="befrTest" is-config="true" duration-ms="10589" started-at="2020-10-15T23:30:37Z" finished-at="2020-10-15T23:30:48Z">
          <reporter-output>
          </reporter-output>
        </test-method> <!-- befrTest -->
        <test-method status="PASS" signature="LoginWatchlater()[pri:0, instance:org.testing.TestScripts.TC5@2d554825]" name="LoginWatchlater" duration-ms="26903" started-at="2020-10-15T23:30:48Z" finished-at="2020-10-15T23:31:15Z">
          <reporter-output>
          </reporter-output>
        </test-method> <!-- LoginWatchlater -->
        <test-method status="PASS" signature="aftrTest()[pri:0, instance:org.testing.TestScripts.TC5@2d554825]" name="aftrTest" is-config="true" duration-ms="89" started-at="2020-10-15T23:31:15Z" finished-at="2020-10-15T23:31:15Z">
          <reporter-output>
          </reporter-output>
        </test-method> <!-- aftrTest -->
      </class> <!-- org.testing.TestScripts.TC5 -->
      <class name="org.testing.TestScripts.TC10">
        <test-method status="PASS" signature="befrTest()[pri:0, instance:org.testing.TestScripts.TC10@4157f54e]" name="befrTest" is-config="true" duration-ms="10345" started-at="2020-10-15T23:32:51Z" finished-at="2020-10-15T23:33:01Z">
          <reporter-output>
          </reporter-output>
        </test-method> <!-- befrTest -->
        <test-method status="PASS" signature="LoginSearchPlay()[pri:0, instance:org.testing.TestScripts.TC10@4157f54e]" name="LoginSearchPlay" duration-ms="33647" started-at="2020-10-15T23:33:01Z" finished-at="2020-10-15T23:33:34Z">
          <reporter-output>
          </reporter-output>
        </test-method> <!-- LoginSearchPlay -->
        <test-method status="PASS" signature="aftrTest()[pri:0, instance:org.testing.TestScripts.TC10@4157f54e]" name="aftrTest" is-config="true" duration-ms="92" started-at="2020-10-15T23:33:34Z" finished-at="2020-10-15T23:33:35Z">
          <reporter-output>
          </reporter-output>
        </test-method> <!-- aftrTest -->
      </class> <!-- org.testing.TestScripts.TC10 -->
      <class name="org.testing.TestScripts.TC2">
        <test-method status="PASS" signature="befrTest()[pri:0, instance:org.testing.TestScripts.TC2@6fb554cc]" name="befrTest" is-config="true" duration-ms="10026" started-at="2020-10-15T23:28:42Z" finished-at="2020-10-15T23:28:52Z">
          <reporter-output>
          </reporter-output>
        </test-method> <!-- befrTest -->
        <test-method status="PASS" signature="LoginHistory()[pri:0, instance:org.testing.TestScripts.TC2@6fb554cc]" name="LoginHistory" duration-ms="31600" started-at="2020-10-15T23:28:52Z" finished-at="2020-10-15T23:29:24Z">
          <reporter-output>
          </reporter-output>
        </test-method> <!-- LoginHistory -->
        <test-method status="PASS" signature="aftrTest()[pri:0, instance:org.testing.TestScripts.TC2@6fb554cc]" name="aftrTest" is-config="true" duration-ms="103" started-at="2020-10-15T23:29:24Z" finished-at="2020-10-15T23:29:24Z">
          <reporter-output>
          </reporter-output>
        </test-method> <!-- aftrTest -->
      </class> <!-- org.testing.TestScripts.TC2 -->
      <class name="org.testing.TestScripts.TC1">
        <test-method status="PASS" signature="befrTest()[pri:0, instance:org.testing.TestScripts.TC1@783e6358]" name="befrTest" is-config="true" duration-ms="10696" started-at="2020-10-15T23:28:04Z" finished-at="2020-10-15T23:28:14Z">
          <reporter-output>
          </reporter-output>
        </test-method> <!-- befrTest -->
        <test-method status="PASS" signature="youtubeLogin()[pri:0, instance:org.testing.TestScripts.TC1@783e6358]" name="youtubeLogin" duration-ms="27468" started-at="2020-10-15T23:28:14Z" finished-at="2020-10-15T23:28:42Z">
          <reporter-output>
          </reporter-output>
        </test-method> <!-- youtubeLogin -->
        <test-method status="PASS" signature="aftrTest()[pri:0, instance:org.testing.TestScripts.TC1@783e6358]" name="aftrTest" is-config="true" duration-ms="115" started-at="2020-10-15T23:28:42Z" finished-at="2020-10-15T23:28:42Z">
          <reporter-output>
          </reporter-output>
        </test-method> <!-- aftrTest -->
      </class> <!-- org.testing.TestScripts.TC1 -->
    </test> <!-- Command line test 02a194f7-5be8-421a-8150-9fbe882e5d8c -->
  </suite> <!-- Suite1 -->
</testng-results>
