<?xml version="1.0" encoding="UTF-8"?>
<!-- Generated by org.testng.reporters.JUnitXMLReporter -->
<testsuite hostname="LAPTOP-N84L60DU" name="Test" tests="5" failures="0" timestamp="8 Sep 2020 16:16:39 GMT" time="173.506" errors="0">
  <testcase name="youtubeLogin" time="17.227" classname="org.testing.TestScripts.TC1"/>
  <testcase name="LoginHistory" time="26.909" classname="org.testing.TestScripts.TC2"/>
  <testcase name="LoginSubscribe" time="26.169" classname="org.testing.TestScripts.TC3"/>
  <testcase name="LoginLibrary" time="25.007" classname="org.testing.TestScripts.TC4"/>
  <testcase name="LoginWatchlater" time="25.295" classname="org.testing.TestScripts.TC5"/>
</testsuite> <!-- Test -->
