<?xml version="1.0" encoding="UTF-8"?>
<!-- Generated by org.testng.reporters.JUnitXMLReporter -->
<testsuite hostname="LAPTOP-N84L60DU" name="Command line test 2ed6bbc2-a7ab-4ce7-951b-1e96c55f80c7" tests="8" failures="0" timestamp="15 Oct 2020 16:51:01 GMT" time="3.996" errors="0">
  <testcase name="@BeforeMethod befrTest" time="0.0" classname="org.testing.TestScripts.TC1">
    <failure type="org.openqa.selenium.SessionNotCreatedException" message="session not created: This version of ChromeDriver only supports Chrome version 84
  (Driver info: chromedriver=84.0.4147.30 (48b3e868b4cc0aa7e8149519690b6f6949e110a8-refs/branch-heads/4147@{#310}),platform=Windows NT 10.0.18362 x86_64) (WARNING: The server did not provide any stacktrace information)
Command duration or timeout: 1.99 seconds
Build info: version: &amp;apos;2.48.2&amp;apos;, revision: &amp;apos;41bccdd&amp;apos;, time: &amp;apos;2015-10-09 19:55:52&amp;apos;
System info: host: &amp;apos;LAPTOP-N84L60DU&amp;apos;, ip: &amp;apos;192.168.1.6&amp;apos;, os.name: &amp;apos;Windows 10&amp;apos;, os.arch: &amp;apos;amd64&amp;apos;, os.version: &amp;apos;10.0&amp;apos;, java.version: &amp;apos;1.8.0_261&amp;apos;
Driver info: org.openqa.selenium.chrome.ChromeDriver">
      <![CDATA[org.openqa.selenium.SessionNotCreatedException: session not created: This version of ChromeDriver only supports Chrome version 84
  (Driver info: chromedriver=84.0.4147.30 (48b3e868b4cc0aa7e8149519690b6f6949e110a8-refs/branch-heads/4147@{#310}),platform=Windows NT 10.0.18362 x86_64) (WARNING: The server did not provide any stacktrace information)
Command duration or timeout: 1.99 seconds
Build info: version: '2.48.2', revision: '41bccdd', time: '2015-10-09 19:55:52'
System info: host: 'LAPTOP-N84L60DU', ip: '192.168.1.6', os.name: 'Windows 10', os.arch: 'amd64', os.version: '10.0', java.version: '1.8.0_261'
Driver info: org.openqa.selenium.chrome.ChromeDriver
	at org.openqa.selenium.remote.ErrorHandler.createThrowable(ErrorHandler.java:206)
	at org.openqa.selenium.remote.ErrorHandler.throwIfResponseFailed(ErrorHandler.java:158)
	at org.openqa.selenium.remote.RemoteWebDriver.execute(RemoteWebDriver.java:647)
	at org.openqa.selenium.remote.RemoteWebDriver.startSession(RemoteWebDriver.java:247)
	at org.openqa.selenium.remote.RemoteWebDriver.<init>(RemoteWebDriver.java:129)
	at org.openqa.selenium.remote.RemoteWebDriver.<init>(RemoteWebDriver.java:142)
	at org.openqa.selenium.chrome.ChromeDriver.<init>(ChromeDriver.java:170)
	at org.openqa.selenium.chrome.ChromeDriver.<init>(ChromeDriver.java:159)
	at org.openqa.selenium.chrome.ChromeDriver.<init>(ChromeDriver.java:116)
	at org.testing.Base.Base.befrTest(Base.java:22)
	at org.testing.Trigger.Runner.main(Runner.java:69)
... Removed 27 stack frames]]>
    </failure>
  </testcase> <!-- @BeforeMethod befrTest -->
  <testcase name="@AfterMethod aftrTest" time="0.0" classname="org.testing.TestScripts.TC1">
    <skipped/>
  </testcase> <!-- @AfterMethod aftrTest -->
  <testcase name="@BeforeMethod befrTest" time="0.0" classname="org.testing.TestScripts.TC2">
    <skipped/>
  </testcase> <!-- @BeforeMethod befrTest -->
  <testcase name="@AfterMethod aftrTest" time="0.0" classname="org.testing.TestScripts.TC2">
    <skipped/>
  </testcase> <!-- @AfterMethod aftrTest -->
  <testcase name="@BeforeMethod befrTest" time="0.0" classname="org.testing.TestScripts.TC3">
    <skipped/>
  </testcase> <!-- @BeforeMethod befrTest -->
  <testcase name="@AfterMethod aftrTest" time="0.0" classname="org.testing.TestScripts.TC3">
    <skipped/>
  </testcase> <!-- @AfterMethod aftrTest -->
  <testcase name="@BeforeMethod befrTest" time="0.0" classname="org.testing.TestScripts.TC4">
    <skipped/>
  </testcase> <!-- @BeforeMethod befrTest -->
  <testcase name="@AfterMethod aftrTest" time="0.0" classname="org.testing.TestScripts.TC4">
    <skipped/>
  </testcase> <!-- @AfterMethod aftrTest -->
  <testcase name="@BeforeMethod befrTest" time="0.0" classname="org.testing.TestScripts.TC5">
    <skipped/>
  </testcase> <!-- @BeforeMethod befrTest -->
  <testcase name="@AfterMethod aftrTest" time="0.0" classname="org.testing.TestScripts.TC5">
    <skipped/>
  </testcase> <!-- @AfterMethod aftrTest -->
  <testcase name="@BeforeMethod befrTest" time="0.0" classname="org.testing.TestScripts.TC7">
    <skipped/>
  </testcase> <!-- @BeforeMethod befrTest -->
  <testcase name="@AfterMethod aftrTest" time="0.0" classname="org.testing.TestScripts.TC7">
    <skipped/>
  </testcase> <!-- @AfterMethod aftrTest -->
  <testcase name="@BeforeMethod befrTest" time="0.0" classname="org.testing.TestScripts.TC8">
    <skipped/>
  </testcase> <!-- @BeforeMethod befrTest -->
  <testcase name="@AfterMethod aftrTest" time="0.0" classname="org.testing.TestScripts.TC8">
    <skipped/>
  </testcase> <!-- @AfterMethod aftrTest -->
  <testcase name="@BeforeMethod befrTest" time="0.0" classname="org.testing.TestScripts.TC10">
    <skipped/>
  </testcase> <!-- @BeforeMethod befrTest -->
  <testcase name="@AfterMethod aftrTest" time="0.0" classname="org.testing.TestScripts.TC10">
    <skipped/>
  </testcase> <!-- @AfterMethod aftrTest -->
  <testcase name="youtubeLogin" time="0.001" classname="org.testing.TestScripts.TC1">
    <skipped/>
  </testcase> <!-- youtubeLogin -->
  <testcase name="LoginHistory" time="0.0" classname="org.testing.TestScripts.TC2">
    <skipped/>
  </testcase> <!-- LoginHistory -->
  <testcase name="LoginSubscribe" time="0.0" classname="org.testing.TestScripts.TC3">
    <skipped/>
  </testcase> <!-- LoginSubscribe -->
  <testcase name="LoginLibrary" time="0.0" classname="org.testing.TestScripts.TC4">
    <skipped/>
  </testcase> <!-- LoginLibrary -->
  <testcase name="LoginWatchlater" time="0.0" classname="org.testing.TestScripts.TC5">
    <skipped/>
  </testcase> <!-- LoginWatchlater -->
  <testcase name="LoginPlayVideoLike" time="0.0" classname="org.testing.TestScripts.TC7">
    <skipped/>
  </testcase> <!-- LoginPlayVideoLike -->
  <testcase name="LoginPlayVideoSubscribe" time="0.0" classname="org.testing.TestScripts.TC8">
    <skipped/>
  </testcase> <!-- LoginPlayVideoSubscribe -->
  <testcase name="LoginSearchPlay" time="0.0" classname="org.testing.TestScripts.TC10">
    <skipped/>
  </testcase> <!-- LoginSearchPlay -->
</testsuite> <!-- Command line test 2ed6bbc2-a7ab-4ce7-951b-1e96c55f80c7 -->
