<?xml version="1.0" encoding="UTF-8"?>
<!-- Generated by org.testng.reporters.JUnitXMLReporter -->
<testsuite hostname="LAPTOP-N84L60DU" name="Command line test 02a194f7-5be8-421a-8150-9fbe882e5d8c" tests="8" failures="0" timestamp="15 Oct 2020 18:03:35 GMT" time="330.832" errors="0">
  <testcase name="youtubeLogin" time="27.468" classname="org.testing.TestScripts.TC1"/>
  <testcase name="LoginHistory" time="31.6" classname="org.testing.TestScripts.TC2"/>
  <testcase name="LoginSubscribe" time="27.281" classname="org.testing.TestScripts.TC3"/>
  <testcase name="LoginLibrary" time="27.526" classname="org.testing.TestScripts.TC4"/>
  <testcase name="LoginWatchlater" time="26.903" classname="org.testing.TestScripts.TC5"/>
  <testcase name="LoginPlayVideoLike" time="33.642" classname="org.testing.TestScripts.TC7"/>
  <testcase name="LoginPlayVideoSubscribe" time="42.394" classname="org.testing.TestScripts.TC8"/>
  <testcase name="LoginSearchPlay" time="33.647" classname="org.testing.TestScripts.TC10"/>
</testsuite> <!-- Command line test 02a194f7-5be8-421a-8150-9fbe882e5d8c -->
